<?xml version="1.0" encoding="UTF-8"?>
<testng-results skipped="0" failed="1" ignored="0" total="1" passed="0">
  <reporter-output>
    <line>
      <![CDATA[使用的浏览器为：Chrome打开的默认URL为：https://www.baidu.com]]>
    </line>
    <line>
      <![CDATA[执行的步骤名称为：输入搜索内容]]>
    </line>
    <line>
      <![CDATA[选择的Action为：元素做输入操作]]>
    </line>
    <line>
      <![CDATA[查找的locationType为：xpath元素路径为：//input[@id='kw']]]>
    </line>
    <line>
      <![CDATA[获取到的元素为：<input autocomplete="off" class="s_ipt" id="kw" maxlength="255" name="wd" type="text"></input>]]>
    </line>
    <line>
      <![CDATA[输入参数为：百度一下]]>
    </line>
    <line>
      <![CDATA[执行的步骤名称为：点击百度一下]]>
    </line>
    <line>
      <![CDATA[选择的Action为：元素做点击操作]]>
    </line>
    <line>
      <![CDATA[查找的locationType为：xpath元素路径为：//input[@id='su']]]>
    </line>
    <line>
      <![CDATA[获取到的元素为：<input class="bg s_btn" id="su" type="submit" value="百度一下"></input>]]>
    </line>
    <line>
      <![CDATA[使用的浏览器为：Chrome打开的默认URL为：https://www.baidu.com]]>
    </line>
    <line>
      <![CDATA[执行的步骤名称为：输入搜索内容]]>
    </line>
    <line>
      <![CDATA[选择的Action为：元素做输入操作]]>
    </line>
    <line>
      <![CDATA[查找的locationType为：xpath元素路径为：//input[@id='kw']]]>
    </line>
    <line>
      <![CDATA[获取到的元素为：<input autocomplete="off" class="s_ipt" id="kw" maxlength="255" name="wd" type="text"></input>]]>
    </line>
    <line>
      <![CDATA[输入参数为：百度一下]]>
    </line>
    <line>
      <![CDATA[执行的步骤名称为：点击百度一下]]>
    </line>
    <line>
      <![CDATA[选择的Action为：元素做点击操作]]>
    </line>
    <line>
      <![CDATA[查找的locationType为：xpath元素路径为：//input[@id='su']]]>
    </line>
    <line>
      <![CDATA[获取到的元素为：<input class="bg s_btn" id="su" type="submit" value="百度一下"></input>]]>
    </line>
    <line>
      <![CDATA[使用的浏览器为：Chrome打开的默认URL为：https://www.baidu.com]]>
    </line>
    <line>
      <![CDATA[执行的步骤名称为：输入搜索内容]]>
    </line>
    <line>
      <![CDATA[选择的Action为：元素做输入操作]]>
    </line>
    <line>
      <![CDATA[查找的locationType为：xpath元素路径为：//input[@id='kw']]]>
    </line>
    <line>
      <![CDATA[获取到的元素为：<input autocomplete="off" class="s_ipt" id="kw" maxlength="255" name="wd" type="text"></input>]]>
    </line>
    <line>
      <![CDATA[输入参数为：百度一下]]>
    </line>
    <line>
      <![CDATA[执行的步骤名称为：点击百度一下]]>
    </line>
    <line>
      <![CDATA[选择的Action为：点击alert的确定按钮]]>
    </line>
    <line>
      <![CDATA[查找的locationType为：xpath元素路径为：//input[@id='su']]]>
    </line>
    <line>
      <![CDATA[获取到的元素为：<input class="bg s_btn" id="su" type="submit" value="百度一下"></input>]]>
    </line>
    <line>
      <![CDATA[执行接受Alert操作]]>
    </line>
    <line>
      <![CDATA[执行接受Alert操作时发生异常：org.openqa.selenium.NoAlertPresentException: Alert not found]]>
    </line>
  </reporter-output>
  <suite name="Command line suite" duration-ms="33490" started-at="2019-12-18T14:02:37 CST" finished-at="2019-12-18T14:03:10 CST">
    <groups>
    </groups>
    <test name="Command line test" duration-ms="33490" started-at="2019-12-18T14:02:37 CST" finished-at="2019-12-18T14:03:10 CST">
      <class name="com.example.excute.ExcuteCase">
        <test-method status="PASS" signature="initExcuteLog()[pri:0, instance:com.example.excute.ExcuteCase@6dd0e98d]" name="initExcuteLog" is-config="true" duration-ms="8" started-at="2019-12-18T14:02:37 CST" finished-at="2019-12-18T14:02:37 CST">
          <reporter-output>
          </reporter-output>
        </test-method> <!-- initExcuteLog -->
        <test-method status="FAIL" signature="excute(com.example.model.UICase, java.util.List, org.testng.ITestContext)[pri:0, instance:com.example.excute.ExcuteCase@6dd0e98d]" name="excute" duration-ms="33487" started-at="2019-12-18T14:02:37 CST" data-provider="initData" finished-at="2019-12-18T14:03:10 CST">
          <params>
            <param index="0">
              <value>
                <![CDATA[com.example.model.UICase@347089a3]]>
              </value>
            </param>
            <param index="1">
              <value>
                <![CDATA[[com.example.model.UIStep@7f698f7, com.example.model.UIStep@2047aa8]]]>
              </value>
            </param>
            <param index="2">
              <value>
                <![CDATA[org.testng.TestRunner@2487fb15]]>
              </value>
            </param>
          </params>
          <exception class="java.lang.AssertionError">
            <message>
              <![CDATA[null]]>
            </message>
            <full-stacktrace>
              <![CDATA[java.lang.AssertionError: null
at org.testng.Assert.fail(Assert.java:97)
at org.testng.Assert.fail(Assert.java:102)
at com.example.excute.ExcuteCase.actionsAction(ExcuteCase.java:284)
at com.example.excute.ExcuteCase.doAllAction(ExcuteCase.java:194)
at com.example.excute.ExcuteCase.excuteStep(ExcuteCase.java:114)
at com.example.excute.ExcuteCase.excute(ExcuteCase.java:75)
at sun.reflect.NativeMethodAccessorImpl.invoke0(Native Method)
at sun.reflect.NativeMethodAccessorImpl.invoke(NativeMethodAccessorImpl.java:62)
at sun.reflect.DelegatingMethodAccessorImpl.invoke(DelegatingMethodAccessorImpl.java:43)
at java.lang.reflect.Method.invoke(Method.java:498)
at org.testng.internal.MethodInvocationHelper.invokeMethod(MethodInvocationHelper.java:133)
at org.testng.internal.TestInvoker.invokeMethod(TestInvoker.java:584)
at org.testng.internal.TestInvoker.invokeTestMethod(TestInvoker.java:172)
at org.testng.internal.MethodRunner.runInSequence(MethodRunner.java:46)
at org.testng.internal.TestInvoker$MethodInvocationAgent.invoke(TestInvoker.java:804)
at org.testng.internal.TestInvoker.invokeTestMethods(TestInvoker.java:145)
at org.testng.internal.TestMethodWorker.invokeTestMethods(TestMethodWorker.java:146)
at org.testng.internal.TestMethodWorker.run(TestMethodWorker.java:128)
at java.util.ArrayList.forEach(ArrayList.java:1249)
at org.testng.TestRunner.privateRun(TestRunner.java:770)
at org.testng.TestRunner.run(TestRunner.java:591)
at org.testng.SuiteRunner.runTest(SuiteRunner.java:402)
at org.testng.SuiteRunner.runSequentially(SuiteRunner.java:396)
at org.testng.SuiteRunner.privateRun(SuiteRunner.java:355)
at org.testng.SuiteRunner.run(SuiteRunner.java:304)
at org.testng.SuiteRunnerWorker.runSuite(SuiteRunnerWorker.java:53)
at org.testng.SuiteRunnerWorker.run(SuiteRunnerWorker.java:96)
at org.testng.TestNG.runSuitesSequentially(TestNG.java:1180)
at org.testng.TestNG.runSuitesLocally(TestNG.java:1102)
at org.testng.TestNG.runSuites(TestNG.java:1032)
at org.testng.TestNG.run(TestNG.java:1000)
at com.example.rabbitmq.ConsumeMq.consume(ConsumeMq.java:37)
at sun.reflect.NativeMethodAccessorImpl.invoke0(Native Method)
at sun.reflect.NativeMethodAccessorImpl.invoke(NativeMethodAccessorImpl.java:62)
at sun.reflect.DelegatingMethodAccessorImpl.invoke(DelegatingMethodAccessorImpl.java:43)
at java.lang.reflect.Method.invoke(Method.java:498)
at org.springframework.messaging.handler.invocation.InvocableHandlerMethod.doInvoke(InvocableHandlerMethod.java:171)
at org.springframework.messaging.handler.invocation.InvocableHandlerMethod.invoke(InvocableHandlerMethod.java:120)
at org.springframework.amqp.rabbit.listener.adapter.DelegatingInvocableHandler.invoke(DelegatingInvocableHandler.java:130)
at org.springframework.amqp.rabbit.listener.adapter.HandlerAdapter.invoke(HandlerAdapter.java:61)
at org.springframework.amqp.rabbit.listener.adapter.MessagingMessageListenerAdapter.invokeHandler(MessagingMessageListenerAdapter.java:196)
at org.springframework.amqp.rabbit.listener.adapter.MessagingMessageListenerAdapter.onMessage(MessagingMessageListenerAdapter.java:129)
at org.springframework.amqp.rabbit.listener.AbstractMessageListenerContainer.doInvokeListener(AbstractMessageListenerContainer.java:1542)
at org.springframework.amqp.rabbit.listener.AbstractMessageListenerContainer.actualInvokeListener(AbstractMessageListenerContainer.java:1468)
at org.springframework.amqp.rabbit.listener.AbstractMessageListenerContainer.invokeListener(AbstractMessageListenerContainer.java:1456)
at org.springframework.amqp.rabbit.listener.AbstractMessageListenerContainer.doExecuteListener(AbstractMessageListenerContainer.java:1451)
at org.springframework.amqp.rabbit.listener.AbstractMessageListenerContainer.executeListener(AbstractMessageListenerContainer.java:1400)
at org.springframework.amqp.rabbit.listener.SimpleMessageListenerContainer.doReceiveAndExecute(SimpleMessageListenerContainer.java:875)
at org.springframework.amqp.rabbit.listener.SimpleMessageListenerContainer.receiveAndExecute(SimpleMessageListenerContainer.java:859)
at org.springframework.amqp.rabbit.listener.SimpleMessageListenerContainer.access$1600(SimpleMessageListenerContainer.java:78)
at org.springframework.amqp.rabbit.listener.SimpleMessageListenerContainer$AsyncMessageProcessingConsumer.mainLoop(SimpleMessageListenerContainer.java:1142)
at org.springframework.amqp.rabbit.listener.SimpleMessageListenerContainer$AsyncMessageProcessingConsumer.run(SimpleMessageListenerContainer.java:1048)
at java.lang.Thread.run(Thread.java:748)
]]>
            </full-stacktrace>
          </exception> <!-- java.lang.AssertionError -->
          <reporter-output>
            <line>
              <![CDATA[使用的浏览器为：Chrome打开的默认URL为：https://www.baidu.com]]>
            </line>
            <line>
              <![CDATA[执行的步骤名称为：输入搜索内容]]>
            </line>
            <line>
              <![CDATA[选择的Action为：元素做输入操作]]>
            </line>
            <line>
              <![CDATA[查找的locationType为：xpath元素路径为：//input[@id='kw']]]>
            </line>
            <line>
              <![CDATA[获取到的元素为：<input autocomplete="off" class="s_ipt" id="kw" maxlength="255" name="wd" type="text"></input>]]>
            </line>
            <line>
              <![CDATA[输入参数为：百度一下]]>
            </line>
            <line>
              <![CDATA[执行的步骤名称为：点击百度一下]]>
            </line>
            <line>
              <![CDATA[选择的Action为：点击alert的确定按钮]]>
            </line>
            <line>
              <![CDATA[查找的locationType为：xpath元素路径为：//input[@id='su']]]>
            </line>
            <line>
              <![CDATA[获取到的元素为：<input class="bg s_btn" id="su" type="submit" value="百度一下"></input>]]>
            </line>
            <line>
              <![CDATA[执行接受Alert操作]]>
            </line>
            <line>
              <![CDATA[执行接受Alert操作时发生异常：org.openqa.selenium.NoAlertPresentException: Alert not found]]>
            </line>
          </reporter-output>
        </test-method> <!-- excute -->
      </class> <!-- com.example.excute.ExcuteCase -->
    </test> <!-- Command line test -->
  </suite> <!-- Command line suite -->
</testng-results>
